[    19.683] 
X.Org X Server 1.21.1.22
X Protocol Version 11, Revision 0
[    19.683] Current Operating System: Linux vmarchlinux 7.0.9-arch1-1 #1 SMP PREEMPT_DYNAMIC Sun, 17 May 2026 17:23:07 +0000 x86_64
[    19.683] Kernel command line: BOOT_IMAGE=/vmlinuz-linux root=UUID=063fc699-d44f-4dc6-92ca-adf8828797d3 rw zswap.enabled=0 rootfstype=ext4 loglevel=3 quiet
[    19.683]  
[    19.683] Current version of pixman: 0.46.4
[    19.684] 	Before reporting problems, check http://wiki.x.org
	to make sure that you have the latest version.
[    19.684] Markers: (--) probed, (**) from config file, (==) default setting,
	(++) from command line, (!!) notice, (II) informational,
	(WW) warning, (EE) error, (NI) not implemented, (??) unknown.
[    19.684] (==) Log file: "/home/jaxtech/.local/share/xorg/Xorg.0.log", Time: Tue May 19 22:29:04 2026
[    19.685] (==) Using config directory: "/etc/X11/xorg.conf.d"
[    19.685] (==) Using system config directory "/usr/share/X11/xorg.conf.d"
[    19.686] (==) No Layout section.  Using the first Screen section.
[    19.686] (==) No screen section available. Using defaults.
[    19.686] (**) |-->Screen "Default Screen Section" (0)
[    19.686] (**) |   |-->Monitor "<default monitor>"
[    19.686] (==) No monitor specified for screen "Default Screen Section".
	Using a default monitor configuration.
[    19.686] (**) Allowing byte-swapped clients
[    19.686] (==) Automatically adding devices
[    19.686] (==) Automatically enabling devices
[    19.686] (==) Automatically adding GPU devices
[    19.686] (==) Automatically binding GPU devices
[    19.686] (==) Max clients allowed: 256, resource mask: 0x1fffff
[    19.686] (WW) The directory "/usr/share/fonts/misc" does not exist.
[    19.686] 	Entry deleted from font path.
[    19.687] (WW) `fonts.dir' not found (or not valid) in "/usr/share/fonts/TTF".
[    19.687] 	Entry deleted from font path.
[    19.687] 	(Run 'mkfontdir' on "/usr/share/fonts/TTF").
[    19.687] (WW) The directory "/usr/share/fonts/OTF" does not exist.
[    19.687] 	Entry deleted from font path.
[    19.687] (WW) The directory "/usr/share/fonts/Type1" does not exist.
[    19.687] 	Entry deleted from font path.
[    19.687] (WW) The directory "/usr/share/fonts/100dpi" does not exist.
[    19.687] 	Entry deleted from font path.
[    19.687] (WW) The directory "/usr/share/fonts/75dpi" does not exist.
[    19.687] 	Entry deleted from font path.
[    19.687] (==) FontPath set to:
	
[    19.687] (==) ModulePath set to "/usr/lib/xorg/modules"
[    19.687] (II) The server relies on udev to provide the list of input devices.
	If no devices become available, reconfigure udev or disable AutoAddDevices.
[    19.687] (II) Module ABI versions:
[    19.687] 	X.Org ANSI C Emulation: 0.4
[    19.687] 	X.Org Video Driver: 25.2
[    19.687] 	X.Org XInput driver : 24.4
[    19.687] 	X.Org Server Extension : 10.0
[    19.687] (++) using VT number 1

[    19.688] (II) systemd-logind: took control of session /org/freedesktop/login1/session/_31
[    19.689] (II) xfree86: Adding drm device (/dev/dri/card0)
[    19.689] (II) Platform probe for /sys/devices/pci0000:00/0000:00:02.0/drm/card0
[    19.689] (II) systemd-logind: got fd for /dev/dri/card0 226:0 fd 13 paused 0
[    19.690] (--) PCI:*(0@0:2:0) 15ad:0405:15ad:0405 rev 0, Mem @ 0xe0000000/16777216, 0xf0000000/2097152, I/O @ 0x0000d010/16, BIOS @ 0x????????/131072
[    19.690] (II) LoadModule: "glx"
[    19.691] (II) Loading /usr/lib/xorg/modules/extensions/libglx.so
[    19.694] (II) Module glx: vendor="X.Org Foundation"
[    19.694] 	compiled for 1.21.1.22, module version = 1.0.0
[    19.694] 	ABI class: X.Org Server Extension, version 10.0
[    19.694] (==) Matched vmware as autoconfigured driver 0
[    19.694] (==) Matched modesetting as autoconfigured driver 1
[    19.694] (==) Matched fbdev as autoconfigured driver 2
[    19.694] (==) Matched vesa as autoconfigured driver 3
[    19.694] (==) Assigned the driver to the xf86ConfigLayout
[    19.694] (II) LoadModule: "vmware"
[    19.694] (WW) Warning, couldn't open module vmware
[    19.694] (EE) Failed to load module "vmware" (module does not exist, 0)
[    19.694] (II) LoadModule: "modesetting"
[    19.694] (II) Loading /usr/lib/xorg/modules/drivers/modesetting_drv.so
[    19.694] (II) Module modesetting: vendor="X.Org Foundation"
[    19.694] 	compiled for 1.21.1.22, module version = 1.21.1
[    19.694] 	Module class: X.Org Video Driver
[    19.694] 	ABI class: X.Org Video Driver, version 25.2
[    19.694] (II) LoadModule: "fbdev"
[    19.694] (WW) Warning, couldn't open module fbdev
[    19.694] (EE) Failed to load module "fbdev" (module does not exist, 0)
[    19.694] (II) LoadModule: "vesa"
[    19.694] (WW) Warning, couldn't open module vesa
[    19.694] (EE) Failed to load module "vesa" (module does not exist, 0)
[    19.694] (II) modesetting: Driver for Modesetting Kernel Drivers: kms
[    19.694] (II) modeset(0): using drv /dev/dri/card0
[    19.694] (WW) VGA arbiter: cannot open kernel arbiter, no multi-card support
[    19.694] (II) modeset(0): Creating default Display subsection in Screen section
	"Default Screen Section" for depth/fbbpp 24/32
[    19.694] (==) modeset(0): Depth 24, (==) framebuffer bpp 32
[    19.694] (==) modeset(0): RGB weight 888
[    19.694] (==) modeset(0): Default visual is TrueColor
[    19.694] (II) Loading sub module "glamoregl"
[    19.694] (II) LoadModule: "glamoregl"
[    19.694] (II) Loading /usr/lib/xorg/modules/libglamoregl.so
[    19.696] (II) Module glamoregl: vendor="X.Org Foundation"
[    19.696] 	compiled for 1.21.1.22, module version = 1.0.1
[    19.696] 	ABI class: X.Org ANSI C Emulation, version 0.4
[    19.818] (II) modeset(0): glamor: Using OpenGL 4.5 context.
[    19.818] (II) modeset(0): Refusing to try glamor on llvmpipe
[    19.830] (II) modeset(0): glamor initialization failed
[    19.830] (II) modeset(0): ShadowFB: preferred NO, enabled NO
[    19.830] (II) modeset(0): Output Virtual-1 has no monitor section
[    19.830] (II) modeset(0): Output Virtual-2 has no monitor section
[    19.830] (II) modeset(0): Output Virtual-3 has no monitor section
[    19.830] (II) modeset(0): Output Virtual-4 has no monitor section
[    19.830] (II) modeset(0): Output Virtual-5 has no monitor section
[    19.830] (II) modeset(0): Output Virtual-6 has no monitor section
[    19.830] (II) modeset(0): Output Virtual-7 has no monitor section
[    19.830] (II) modeset(0): Output Virtual-8 has no monitor section
[    19.830] (II) modeset(0): EDID for output Virtual-1
[    19.830] (II) modeset(0): Printing probed modes for output Virtual-1
[    19.830] (II) modeset(0): Modeline "1280x800"x60.0   81.51  1280 1330 1380 1430  800 850 900 950 -hsync +vsync (57.0 kHz eP)
[    19.830] (II) modeset(0): Modeline "2560x1600"x60.0  348.50  2560 2752 3032 3504  1600 1603 1609 1658 -hsync +vsync (99.5 kHz e)
[    19.830] (II) modeset(0): Modeline "2560x1600"x60.0  268.50  2560 2608 2640 2720  1600 1603 1609 1646 +hsync -vsync (98.7 kHz e)
[    19.830] (II) modeset(0): Modeline "1920x1440"x60.0  234.00  1920 2048 2256 2600  1440 1441 1444 1500 -hsync +vsync (90.0 kHz e)
[    19.830] (II) modeset(0): Modeline "1856x1392"x60.0  218.25  1856 1952 2176 2528  1392 1393 1396 1439 -hsync +vsync (86.3 kHz e)
[    19.830] (II) modeset(0): Modeline "1792x1344"x60.0  204.75  1792 1920 2120 2448  1344 1345 1348 1394 -hsync +vsync (83.6 kHz e)
[    19.830] (II) modeset(0): Modeline "2048x1152"x60.0  162.00  2048 2074 2154 2250  1152 1153 1156 1200 +hsync +vsync (72.0 kHz e)
[    19.830] (II) modeset(0): Modeline "1920x1200"x59.9  193.25  1920 2056 2256 2592  1200 1203 1209 1245 -hsync +vsync (74.6 kHz e)
[    19.831] (II) modeset(0): Modeline "1920x1200"x60.0  154.00  1920 1968 2000 2080  1200 1203 1209 1235 +hsync -vsync (74.0 kHz e)
[    19.831] (II) modeset(0): Modeline "1920x1080"x60.0  148.50  1920 2008 2052 2200  1080 1084 1089 1125 -hsync -vsync (67.5 kHz e)
[    19.831] (II) modeset(0): Modeline "1600x1200"x60.0  162.00  1600 1664 1856 2160  1200 1201 1204 1250 +hsync +vsync (75.0 kHz e)
[    19.831] (II) modeset(0): Modeline "1680x1050"x60.0  146.25  1680 1784 1960 2240  1050 1053 1059 1089 -hsync +vsync (65.3 kHz e)
[    19.831] (II) modeset(0): Modeline "1680x1050"x59.9  119.00  1680 1728 1760 1840  1050 1053 1059 1080 +hsync -vsync (64.7 kHz e)
[    19.831] (II) modeset(0): Modeline "1400x1050"x60.0  121.75  1400 1488 1632 1864  1050 1053 1057 1089 -hsync +vsync (65.3 kHz e)
[    19.831] (II) modeset(0): Modeline "1400x1050"x59.9  101.00  1400 1448 1480 1560  1050 1053 1057 1080 +hsync -vsync (64.7 kHz e)
[    19.831] (II) modeset(0): Modeline "1600x900"x60.0  108.00  1600 1624 1704 1800  900 901 904 1000 +hsync +vsync (60.0 kHz e)
[    19.831] (II) modeset(0): Modeline "1280x1024"x60.0  108.00  1280 1328 1440 1688  1024 1025 1028 1066 +hsync +vsync (64.0 kHz e)
[    19.831] (II) modeset(0): Modeline "1440x900"x59.9  106.50  1440 1520 1672 1904  900 903 909 934 -hsync +vsync (55.9 kHz e)
[    19.831] (II) modeset(0): Modeline "1440x900"x59.9   88.75  1440 1488 1520 1600  900 903 909 926 +hsync -vsync (55.5 kHz e)
[    19.831] (II) modeset(0): Modeline "1280x960"x60.0  108.00  1280 1376 1488 1800  960 961 964 1000 +hsync +vsync (60.0 kHz e)
[    19.831] (II) modeset(0): Modeline "1366x768"x59.8   85.50  1366 1436 1579 1792  768 771 774 798 +hsync +vsync (47.7 kHz e)
[    19.831] (II) modeset(0): Modeline "1366x768"x60.0   72.00  1366 1380 1436 1500  768 769 772 800 +hsync +vsync (48.0 kHz e)
[    19.831] (II) modeset(0): Modeline "1360x768"x60.0   85.50  1360 1424 1536 1792  768 771 777 795 +hsync +vsync (47.7 kHz e)
[    19.831] (II) modeset(0): Modeline "1280x800"x59.8   83.50  1280 1352 1480 1680  800 803 809 831 -hsync +vsync (49.7 kHz e)
[    19.831] (II) modeset(0): Modeline "1280x800"x59.9   71.00  1280 1328 1360 1440  800 803 809 823 +hsync -vsync (49.3 kHz e)
[    19.831] (II) modeset(0): Modeline "1280x768"x59.9   79.50  1280 1344 1472 1664  768 771 778 798 -hsync +vsync (47.8 kHz e)
[    19.831] (II) modeset(0): Modeline "1280x768"x60.0   68.25  1280 1328 1360 1440  768 771 778 790 +hsync -vsync (47.4 kHz e)
[    19.831] (II) modeset(0): Modeline "1280x720"x60.0   74.25  1280 1390 1430 1650  720 725 730 750 +hsync +vsync (45.0 kHz e)
[    19.831] (II) modeset(0): Modeline "1024x768"x60.0   65.00  1024 1048 1184 1344  768 771 777 806 -hsync -vsync (48.4 kHz e)
[    19.831] (II) modeset(0): Modeline "800x600"x60.3   40.00  800 840 968 1056  600 601 605 628 +hsync +vsync (37.9 kHz e)
[    19.831] (II) modeset(0): Modeline "800x600"x56.2   36.00  800 824 896 1024  600 601 603 625 +hsync +vsync (35.2 kHz e)
[    19.831] (II) modeset(0): Modeline "848x480"x60.0   33.75  848 864 976 1088  480 486 494 517 +hsync +vsync (31.0 kHz e)
[    19.831] (II) modeset(0): Modeline "640x480"x59.9   25.18  640 656 752 800  480 490 492 525 -hsync -vsync (31.5 kHz e)
[    19.831] (II) modeset(0): EDID for output Virtual-2
[    19.831] (II) modeset(0): EDID for output Virtual-3
[    19.831] (II) modeset(0): EDID for output Virtual-4
[    19.831] (II) modeset(0): EDID for output Virtual-5
[    19.831] (II) modeset(0): EDID for output Virtual-6
[    19.831] (II) modeset(0): EDID for output Virtual-7
[    19.831] (II) modeset(0): EDID for output Virtual-8
[    19.831] (II) modeset(0): Output Virtual-1 connected
[    19.831] (II) modeset(0): Output Virtual-2 disconnected
[    19.831] (II) modeset(0): Output Virtual-3 disconnected
[    19.831] (II) modeset(0): Output Virtual-4 disconnected
[    19.831] (II) modeset(0): Output Virtual-5 disconnected
[    19.831] (II) modeset(0): Output Virtual-6 disconnected
[    19.831] (II) modeset(0): Output Virtual-7 disconnected
[    19.831] (II) modeset(0): Output Virtual-8 disconnected
[    19.831] (II) modeset(0): Using exact sizes for initial modes
[    19.831] (II) modeset(0): Output Virtual-1 using initial mode 1280x800 +0+0
[    19.831] (==) modeset(0): Using gamma correction (1.0, 1.0, 1.0)
[    19.831] (==) modeset(0): DPI set to (96, 96)
[    19.831] (II) Loading sub module "fb"
[    19.831] (II) LoadModule: "fb"
[    19.831] (II) Module "fb" already built-in
[    19.831] (==) modeset(0): Backing store enabled
[    19.831] (==) modeset(0): Silken mouse enabled
[    19.831] (II) modeset(0): Initializing kms color map for depth 24, 8 bpc.
[    19.831] (==) modeset(0): DPMS enabled
[    19.831] (II) Initializing extension Generic Event Extension
[    19.831] (II) Initializing extension SHAPE
[    19.831] (II) Initializing extension MIT-SHM
[    19.831] (II) Initializing extension XInputExtension
[    19.831] (II) Initializing extension XTEST
[    19.831] (II) Initializing extension BIG-REQUESTS
[    19.831] (II) Initializing extension SYNC
[    19.831] (II) Initializing extension XKEYBOARD
[    19.831] (II) Initializing extension XC-MISC
[    19.831] (II) Initializing extension SECURITY
[    19.831] (II) Initializing extension XFIXES
[    19.831] (II) Initializing extension RENDER
[    19.831] (II) Initializing extension RANDR
[    19.832] (II) Initializing extension COMPOSITE
[    19.832] (II) Initializing extension DAMAGE
[    19.832] (II) Initializing extension MIT-SCREEN-SAVER
[    19.832] (II) Initializing extension DOUBLE-BUFFER
[    19.832] (II) Initializing extension RECORD
[    19.832] (II) Initializing extension DPMS
[    19.832] (II) Initializing extension Present
[    19.832] (II) Initializing extension DRI3
[    19.832] (II) Initializing extension X-Resource
[    19.832] (II) Initializing extension XVideo
[    19.832] (II) Initializing extension XVideo-MotionCompensation
[    19.832] (II) Initializing extension GLX
[    19.832] (II) AIGLX: Screen 0 is not DRI2 capable
[    19.836] (II) IGLX: Loaded and initialized swrast
[    19.836] (II) GLX: Initialized DRISWRAST GL provider for screen 0
[    19.836] (II) Initializing extension XFree86-VidModeExtension
[    19.836] (II) Initializing extension XFree86-DGA
[    19.836] (II) Initializing extension XFree86-DRI
[    19.836] (II) Initializing extension DRI2
[    19.837] (II) modeset(0): Damage tracking initialized
[    19.837] (II) modeset(0): Setting screen physical size to 338 x 211
[    19.867] (II) config/udev: Adding input device VirtualBox mouse integration (/dev/input/event4)
[    19.867] (**) VirtualBox mouse integration: Applying InputClass "libinput pointer catchall"
[    19.867] (II) LoadModule: "libinput"
[    19.867] (II) Loading /usr/lib/xorg/modules/input/libinput_drv.so
[    19.869] (II) Module libinput: vendor="X.Org Foundation"
[    19.869] 	compiled for 1.21.1.13, module version = 1.5.0
[    19.869] 	Module class: X.Org XInput Driver
[    19.869] 	ABI class: X.Org XInput driver, version 24.4
[    19.869] (II) Using input driver 'libinput' for 'VirtualBox mouse integration'
[    19.870] (II) systemd-logind: got fd for /dev/input/event4 13:68 fd 21 paused 0
[    19.870] (**) VirtualBox mouse integration: always reports core events
[    19.870] (**) Option "Device" "/dev/input/event4"
[    19.874] (II) event4  - VirtualBox mouse integration: is tagged by udev as: Mouse
[    19.874] (II) event4  - VirtualBox mouse integration: device is a pointer
[    19.874] (II) event4  - VirtualBox mouse integration: device removed
[    19.874] (**) Option "config_info" "udev:/sys/devices/pci0000:00/0000:00:04.0/input/input5/event4"
[    19.874] (II) XINPUT: Adding extended input device "VirtualBox mouse integration" (type: MOUSE, id 6)
[    19.874] (**) Option "AccelerationScheme" "none"
[    19.874] (**) VirtualBox mouse integration: (accel) selected scheme none/0
[    19.874] (**) VirtualBox mouse integration: (accel) acceleration factor: 2.000
[    19.874] (**) VirtualBox mouse integration: (accel) acceleration threshold: 4
[    19.874] (II) event4  - VirtualBox mouse integration: is tagged by udev as: Mouse
[    19.875] (II) event4  - VirtualBox mouse integration: device is a pointer
[    19.875] (II) config/udev: Adding input device VirtualBox mouse integration (/dev/input/js1)
[    19.875] (II) No input driver specified, ignoring this device.
[    19.875] (II) This device may have been added with another device file.
[    19.875] (II) config/udev: Adding input device VirtualBox mouse integration (/dev/input/mouse1)
[    19.875] (II) No input driver specified, ignoring this device.
[    19.875] (II) This device may have been added with another device file.
[    19.876] (II) config/udev: Adding input device VirtualBox USB Tablet (/dev/input/event3)
[    19.876] (**) VirtualBox USB Tablet: Applying InputClass "libinput pointer catchall"
[    19.876] (II) Using input driver 'libinput' for 'VirtualBox USB Tablet'
[    19.933] (II) systemd-logind: got fd for /dev/input/event3 13:67 fd 24 paused 0
[    19.933] (**) VirtualBox USB Tablet: always reports core events
[    19.933] (**) Option "Device" "/dev/input/event3"
[    19.936] (II) event3  - VirtualBox USB Tablet: is tagged by udev as: Mouse
[    19.937] (II) event3  - VirtualBox USB Tablet: device is a pointer
[    19.937] (II) event3  - VirtualBox USB Tablet: device removed
[    19.937] (**) Option "config_info" "udev:/sys/devices/pci0000:00/0000:00:06.0/usb1/1-1/1-1:1.0/0003:80EE:0021.0001/input/input4/event3"
[    19.937] (II) XINPUT: Adding extended input device "VirtualBox USB Tablet" (type: MOUSE, id 7)
[    19.937] (**) Option "AccelerationScheme" "none"
[    19.937] (**) VirtualBox USB Tablet: (accel) selected scheme none/0
[    19.937] (**) VirtualBox USB Tablet: (accel) acceleration factor: 2.000
[    19.937] (**) VirtualBox USB Tablet: (accel) acceleration threshold: 4
[    19.941] (II) event3  - VirtualBox USB Tablet: is tagged by udev as: Mouse
[    19.941] (II) event3  - VirtualBox USB Tablet: device is a pointer
[    19.943] (II) config/udev: Adding input device VirtualBox USB Tablet (/dev/input/js0)
[    19.943] (II) No input driver specified, ignoring this device.
[    19.943] (II) This device may have been added with another device file.
[    19.945] (II) config/udev: Adding input device VirtualBox USB Tablet (/dev/input/mouse0)
[    19.945] (II) No input driver specified, ignoring this device.
[    19.945] (II) This device may have been added with another device file.
[    19.946] (II) config/udev: Adding input device Video Bus (/dev/input/event6)
[    19.946] (**) Video Bus: Applying InputClass "libinput keyboard catchall"
[    19.946] (**) Video Bus: Applying InputClass "system-keyboard"
[    19.946] (II) Using input driver 'libinput' for 'Video Bus'
[    19.947] (II) systemd-logind: got fd for /dev/input/event6 13:70 fd 25 paused 0
[    19.947] (**) Video Bus: always reports core events
[    19.947] (**) Option "Device" "/dev/input/event6"
[    19.949] (II) event6  - Video Bus: is tagged by udev as: Keyboard
[    19.949] (II) event6  - Video Bus: device is a keyboard
[    19.949] (II) event6  - Video Bus: device removed
[    19.949] (**) Option "config_info" "udev:/sys/devices/pci0000:00/acpi.video_bus.0/input/input7/event6"
[    19.949] (II) XINPUT: Adding extended input device "Video Bus" (type: KEYBOARD, id 8)
[    19.949] (**) Option "xkb_model" "pc105+inet"
[    19.949] (**) Option "xkb_layout" "us"
[    19.949] (**) Option "xkb_options" "terminate:ctrl_alt_bksp"
[    19.968] (II) event6  - Video Bus: is tagged by udev as: Keyboard
[    19.968] (II) event6  - Video Bus: device is a keyboard
[    19.969] (II) config/udev: Adding input device Power Button (/dev/input/event0)
[    19.969] (**) Power Button: Applying InputClass "libinput keyboard catchall"
[    19.969] (**) Power Button: Applying InputClass "system-keyboard"
[    19.969] (II) Using input driver 'libinput' for 'Power Button'
[    19.970] (II) systemd-logind: got fd for /dev/input/event0 13:64 fd 26 paused 0
[    19.970] (**) Power Button: always reports core events
[    19.970] (**) Option "Device" "/dev/input/event0"
[    19.971] (II) event0  - Power Button: is tagged by udev as: Keyboard
[    19.971] (II) event0  - Power Button: device is a keyboard
[    19.971] (II) event0  - Power Button: device removed
[    19.971] (**) Option "config_info" "udev:/sys/devices/platform/LNXPWRBN:00/input/input0/event0"
[    19.971] (II) XINPUT: Adding extended input device "Power Button" (type: KEYBOARD, id 9)
[    19.971] (**) Option "xkb_model" "pc105+inet"
[    19.971] (**) Option "xkb_layout" "us"
[    19.971] (**) Option "xkb_options" "terminate:ctrl_alt_bksp"
[    19.972] (II) event0  - Power Button: is tagged by udev as: Keyboard
[    19.972] (II) event0  - Power Button: device is a keyboard
[    19.972] (II) config/udev: Adding input device Sleep Button (/dev/input/event1)
[    19.972] (**) Sleep Button: Applying InputClass "libinput keyboard catchall"
[    19.972] (**) Sleep Button: Applying InputClass "system-keyboard"
[    19.972] (II) Using input driver 'libinput' for 'Sleep Button'
[    19.973] (II) systemd-logind: got fd for /dev/input/event1 13:65 fd 27 paused 0
[    19.973] (**) Sleep Button: always reports core events
[    19.973] (**) Option "Device" "/dev/input/event1"
[    19.973] (II) event1  - Sleep Button: is tagged by udev as: Keyboard
[    19.973] (II) event1  - Sleep Button: device is a keyboard
[    19.973] (II) event1  - Sleep Button: device removed
[    19.973] (**) Option "config_info" "udev:/sys/devices/platform/LNXSLPBN:00/input/input1/event1"
[    19.973] (II) XINPUT: Adding extended input device "Sleep Button" (type: KEYBOARD, id 10)
[    19.973] (**) Option "xkb_model" "pc105+inet"
[    19.973] (**) Option "xkb_layout" "us"
[    19.973] (**) Option "xkb_options" "terminate:ctrl_alt_bksp"
[    19.974] (II) event1  - Sleep Button: is tagged by udev as: Keyboard
[    19.974] (II) event1  - Sleep Button: device is a keyboard
[    19.975] (II) config/udev: Adding input device AT Translated Set 2 keyboard (/dev/input/event2)
[    19.975] (**) AT Translated Set 2 keyboard: Applying InputClass "libinput keyboard catchall"
[    19.975] (**) AT Translated Set 2 keyboard: Applying InputClass "system-keyboard"
[    19.975] (II) Using input driver 'libinput' for 'AT Translated Set 2 keyboard'
[    19.975] (II) systemd-logind: got fd for /dev/input/event2 13:66 fd 28 paused 0
[    19.975] (**) AT Translated Set 2 keyboard: always reports core events
[    19.975] (**) Option "Device" "/dev/input/event2"
[    19.976] (II) event2  - AT Translated Set 2 keyboard: is tagged by udev as: Keyboard
[    19.976] (II) event2  - AT Translated Set 2 keyboard: device is a keyboard
[    19.976] (II) event2  - AT Translated Set 2 keyboard: device removed
[    19.976] (**) Option "config_info" "udev:/sys/devices/platform/i8042/serio0/input/input2/event2"
[    19.976] (II) XINPUT: Adding extended input device "AT Translated Set 2 keyboard" (type: KEYBOARD, id 11)
[    19.976] (**) Option "xkb_model" "pc105+inet"
[    19.976] (**) Option "xkb_layout" "us"
[    19.976] (**) Option "xkb_options" "terminate:ctrl_alt_bksp"
[    19.976] (II) event2  - AT Translated Set 2 keyboard: is tagged by udev as: Keyboard
[    19.977] (II) event2  - AT Translated Set 2 keyboard: device is a keyboard
[    19.977] (II) config/udev: Adding input device ImExPS/2 Generic Explorer Mouse (/dev/input/event5)
[    19.977] (**) ImExPS/2 Generic Explorer Mouse: Applying InputClass "libinput pointer catchall"
[    19.977] (II) Using input driver 'libinput' for 'ImExPS/2 Generic Explorer Mouse'
[    19.978] (II) systemd-logind: got fd for /dev/input/event5 13:69 fd 29 paused 0
[    19.978] (**) ImExPS/2 Generic Explorer Mouse: always reports core events
[    19.978] (**) Option "Device" "/dev/input/event5"
[    19.978] (II) event5  - ImExPS/2 Generic Explorer Mouse: is tagged by udev as: Mouse
[    19.978] (II) event5  - ImExPS/2 Generic Explorer Mouse: emulating high-resolution scroll wheel events.
[    19.978] (II) event5  - ImExPS/2 Generic Explorer Mouse: device is a pointer
[    19.978] (II) event5  - ImExPS/2 Generic Explorer Mouse: device removed
[    19.978] (II) libinput: ImExPS/2 Generic Explorer Mouse: Step value 0 was provided, libinput Fallback acceleration function is used.
[    19.978] (II) libinput: ImExPS/2 Generic Explorer Mouse: Step value 0 was provided, libinput Fallback acceleration function is used.
[    19.978] (II) libinput: ImExPS/2 Generic Explorer Mouse: Step value 0 was provided, libinput Fallback acceleration function is used.
[    19.978] (**) Option "config_info" "udev:/sys/devices/platform/i8042/serio1/input/input6/event5"
[    19.978] (II) XINPUT: Adding extended input device "ImExPS/2 Generic Explorer Mouse" (type: MOUSE, id 12)
[    19.978] (**) Option "AccelerationScheme" "none"
[    19.978] (**) ImExPS/2 Generic Explorer Mouse: (accel) selected scheme none/0
[    19.978] (**) ImExPS/2 Generic Explorer Mouse: (accel) acceleration factor: 2.000
[    19.978] (**) ImExPS/2 Generic Explorer Mouse: (accel) acceleration threshold: 4
[    19.979] (II) event5  - ImExPS/2 Generic Explorer Mouse: is tagged by udev as: Mouse
[    19.979] (II) event5  - ImExPS/2 Generic Explorer Mouse: emulating high-resolution scroll wheel events.
[    19.979] (II) event5  - ImExPS/2 Generic Explorer Mouse: device is a pointer
[    19.979] (II) config/udev: Adding input device ImExPS/2 Generic Explorer Mouse (/dev/input/mouse2)
[    19.979] (II) No input driver specified, ignoring this device.
[    19.979] (II) This device may have been added with another device file.
